2017-05-17 15:23:16,675 [1] INFO  System.Web.HttpApplication - Application starting...
2017-05-17 15:23:17,498 [1] INFO  System.Web.HttpApplication - Application started...
2017-05-17 15:41:56,020 [1] INFO  System.Web.HttpApplication - Application starting...
2017-05-17 15:41:56,653 [1] ERROR System.Web.HttpApplication - 未能加载文件或程序集“KB.BusinessService”或它的某一个依赖项。系统找不到指定的文件。
System.IO.FileNotFoundException: 未能加载文件或程序集“KB.BusinessService”或它的某一个依赖项。系统找不到指定的文件。
文件名:“KB.BusinessService”
   在 System.Reflection.RuntimeAssembly._nLoad(AssemblyName fileName, String codeBase, Evidence assemblySecurity, RuntimeAssembly locationHint, StackCrawlMark& stackMark, IntPtr pPrivHostBinder, Boolean throwOnFileNotFound, Boolean forIntrospection, Boolean suppressSecurityChecks)
   在 System.Reflection.RuntimeAssembly.nLoad(AssemblyName fileName, String codeBase, Evidence assemblySecurity, RuntimeAssembly locationHint, StackCrawlMark& stackMark, IntPtr pPrivHostBinder, Boolean throwOnFileNotFound, Boolean forIntrospection, Boolean suppressSecurityChecks)
   在 System.Reflection.RuntimeAssembly.InternalLoadAssemblyName(AssemblyName assemblyRef, Evidence assemblySecurity, RuntimeAssembly reqAssembly, StackCrawlMark& stackMark, IntPtr pPrivHostBinder, Boolean throwOnFileNotFound, Boolean forIntrospection, Boolean suppressSecurityChecks)
   在 System.Reflection.RuntimeAssembly.InternalLoad(String assemblyString, Evidence assemblySecurity, StackCrawlMark& stackMark, IntPtr pPrivHostBinder, Boolean forIntrospection)
   在 System.Reflection.RuntimeAssembly.InternalLoad(String assemblyString, Evidence assemblySecurity, StackCrawlMark& stackMark, Boolean forIntrospection)
   在 System.Reflection.Assembly.Load(String assemblyString)
   在 Castle.Core.Internal.ReflectionUtil.GetAssemblyNamed(String assemblyName)
   在 Castle.MicroKernel.Registration.Classes.FromAssemblyNamed(String assemblyName)
   在 KB.BusinessService.BusinessServiceIocFacility.Init() 位置 D:\SourceCode\KB\KB.Service\BusinessServiceIocFacility.cs:行号 12
   在 Castle.MicroKernel.Facilities.AbstractFacility.Castle.MicroKernel.IFacility.Init(IKernel kernel, IConfiguration facilityConfig)
   在 Castle.MicroKernel.DefaultKernel.AddFacility(String key, IFacility facility)
   在 Castle.MicroKernel.DefaultKernel.AddFacility(IFacility facility)
   在 Castle.MicroKernel.DefaultKernel.AddFacility[T]()
   在 Castle.Windsor.WindsorContainer.AddFacility[T]()
   在 KB.WebApi.Core.KBInstaller.Install(IWindsorContainer container, IConfigurationStore store) 位置 D:\SourceCode\KB\KB.WebApi\Core\KBInstaller.cs:行号 12
   在 Castle.Windsor.WindsorContainer.Install(IWindsorInstaller[] installers, DefaultComponentInstaller scope)
   在 Castle.Windsor.WindsorContainer.Install(IWindsorInstaller[] installers)
   在 KB.WebApi.Core.IocContainer.Setup() 位置 D:\SourceCode\KB\KB.WebApi\Core\IocContainer.cs:行号 12
   在 KB.WebApi.WebApiApplication.Application_Start() 位置 D:\SourceCode\KB\KB.WebApi\Global.asax.cs:行号 29

警告: 程序集绑定日志记录被关闭。
要启用程序集绑定失败日志记录，请将注册表值 [HKLM\Software\Microsoft\Fusion!EnableLog] (DWORD)设置为 1。
注意: 会有一些与程序集绑定失败日志记录关联的性能损失。
要关闭此功能，请移除注册表值 [HKLM\Software\Microsoft\Fusion!EnableLog]。

2017-05-17 15:42:30,519 [1] INFO  System.Web.HttpApplication - Application starting...
2017-05-17 15:42:30,709 [1] ERROR System.Web.HttpApplication - 未能加载文件或程序集“KB.BusinessService”或它的某一个依赖项。系统找不到指定的文件。
System.IO.FileNotFoundException: 未能加载文件或程序集“KB.BusinessService”或它的某一个依赖项。系统找不到指定的文件。
文件名:“KB.BusinessService”
   在 System.Reflection.RuntimeAssembly._nLoad(AssemblyName fileName, String codeBase, Evidence assemblySecurity, RuntimeAssembly locationHint, StackCrawlMark& stackMark, IntPtr pPrivHostBinder, Boolean throwOnFileNotFound, Boolean forIntrospection, Boolean suppressSecurityChecks)
   在 System.Reflection.RuntimeAssembly.nLoad(AssemblyName fileName, String codeBase, Evidence assemblySecurity, RuntimeAssembly locationHint, StackCrawlMark& stackMark, IntPtr pPrivHostBinder, Boolean throwOnFileNotFound, Boolean forIntrospection, Boolean suppressSecurityChecks)
   在 System.Reflection.RuntimeAssembly.InternalLoadAssemblyName(AssemblyName assemblyRef, Evidence assemblySecurity, RuntimeAssembly reqAssembly, StackCrawlMark& stackMark, IntPtr pPrivHostBinder, Boolean throwOnFileNotFound, Boolean forIntrospection, Boolean suppressSecurityChecks)
   在 System.Reflection.RuntimeAssembly.InternalLoad(String assemblyString, Evidence assemblySecurity, StackCrawlMark& stackMark, IntPtr pPrivHostBinder, Boolean forIntrospection)
   在 System.Reflection.RuntimeAssembly.InternalLoad(String assemblyString, Evidence assemblySecurity, StackCrawlMark& stackMark, Boolean forIntrospection)
   在 System.Reflection.Assembly.Load(String assemblyString)
   在 Castle.Core.Internal.ReflectionUtil.GetAssemblyNamed(String assemblyName)
   在 Castle.MicroKernel.Registration.Classes.FromAssemblyNamed(String assemblyName)
   在 KB.BusinessService.BusinessServiceIocFacility.Init() 位置 D:\SourceCode\KB\KB.Service\BusinessServiceIocFacility.cs:行号 12
   在 Castle.MicroKernel.Facilities.AbstractFacility.Castle.MicroKernel.IFacility.Init(IKernel kernel, IConfiguration facilityConfig)
   在 Castle.MicroKernel.DefaultKernel.AddFacility(String key, IFacility facility)
   在 Castle.MicroKernel.DefaultKernel.AddFacility(IFacility facility)
   在 Castle.MicroKernel.DefaultKernel.AddFacility[T]()
   在 Castle.Windsor.WindsorContainer.AddFacility[T]()
   在 KB.WebApi.Core.KBInstaller.Install(IWindsorContainer container, IConfigurationStore store) 位置 D:\SourceCode\KB\KB.WebApi\Core\KBInstaller.cs:行号 12
   在 Castle.Windsor.WindsorContainer.Install(IWindsorInstaller[] installers, DefaultComponentInstaller scope)
   在 Castle.Windsor.WindsorContainer.Install(IWindsorInstaller[] installers)
   在 KB.WebApi.Core.IocContainer.Setup() 位置 D:\SourceCode\KB\KB.WebApi\Core\IocContainer.cs:行号 12
   在 KB.WebApi.WebApiApplication.Application_Start() 位置 D:\SourceCode\KB\KB.WebApi\Global.asax.cs:行号 29

警告: 程序集绑定日志记录被关闭。
要启用程序集绑定失败日志记录，请将注册表值 [HKLM\Software\Microsoft\Fusion!EnableLog] (DWORD)设置为 1。
注意: 会有一些与程序集绑定失败日志记录关联的性能损失。
要关闭此功能，请移除注册表值 [HKLM\Software\Microsoft\Fusion!EnableLog]。

2017-05-17 15:43:33,527 [80] INFO  System.Web.HttpApplication - Application starting...
2017-05-17 15:43:33,644 [80] ERROR System.Web.HttpApplication - 未能加载文件或程序集“KB.BusinessService”或它的某一个依赖项。系统找不到指定的文件。
System.IO.FileNotFoundException: 未能加载文件或程序集“KB.BusinessService”或它的某一个依赖项。系统找不到指定的文件。
文件名:“KB.BusinessService”
   在 System.Reflection.RuntimeAssembly._nLoad(AssemblyName fileName, String codeBase, Evidence assemblySecurity, RuntimeAssembly locationHint, StackCrawlMark& stackMark, IntPtr pPrivHostBinder, Boolean throwOnFileNotFound, Boolean forIntrospection, Boolean suppressSecurityChecks)
   在 System.Reflection.RuntimeAssembly.nLoad(AssemblyName fileName, String codeBase, Evidence assemblySecurity, RuntimeAssembly locationHint, StackCrawlMark& stackMark, IntPtr pPrivHostBinder, Boolean throwOnFileNotFound, Boolean forIntrospection, Boolean suppressSecurityChecks)
   在 System.Reflection.RuntimeAssembly.InternalLoadAssemblyName(AssemblyName assemblyRef, Evidence assemblySecurity, RuntimeAssembly reqAssembly, StackCrawlMark& stackMark, IntPtr pPrivHostBinder, Boolean throwOnFileNotFound, Boolean forIntrospection, Boolean suppressSecurityChecks)
   在 System.Reflection.RuntimeAssembly.InternalLoad(String assemblyString, Evidence assemblySecurity, StackCrawlMark& stackMark, IntPtr pPrivHostBinder, Boolean forIntrospection)
   在 System.Reflection.RuntimeAssembly.InternalLoad(String assemblyString, Evidence assemblySecurity, StackCrawlMark& stackMark, Boolean forIntrospection)
   在 System.Reflection.Assembly.Load(String assemblyString)
   在 Castle.Core.Internal.ReflectionUtil.GetAssemblyNamed(String assemblyName)
   在 Castle.MicroKernel.Registration.Classes.FromAssemblyNamed(String assemblyName)
   在 KB.BusinessService.BusinessServiceIocFacility.Init() 位置 D:\SourceCode\KB\KB.Service\BusinessServiceIocFacility.cs:行号 12
   在 Castle.MicroKernel.Facilities.AbstractFacility.Castle.MicroKernel.IFacility.Init(IKernel kernel, IConfiguration facilityConfig)
   在 Castle.MicroKernel.DefaultKernel.AddFacility(String key, IFacility facility)
   在 Castle.MicroKernel.DefaultKernel.AddFacility(IFacility facility)
   在 Castle.MicroKernel.DefaultKernel.AddFacility[T]()
   在 Castle.Windsor.WindsorContainer.AddFacility[T]()
   在 KB.WebApi.Core.KBInstaller.Install(IWindsorContainer container, IConfigurationStore store) 位置 D:\SourceCode\KB\KB.WebApi\Core\KBInstaller.cs:行号 12
   在 Castle.Windsor.WindsorContainer.Install(IWindsorInstaller[] installers, DefaultComponentInstaller scope)
   在 Castle.Windsor.WindsorContainer.Install(IWindsorInstaller[] installers)
   在 KB.WebApi.Core.IocContainer.Setup() 位置 D:\SourceCode\KB\KB.WebApi\Core\IocContainer.cs:行号 12
   在 KB.WebApi.WebApiApplication.Application_Start() 位置 D:\SourceCode\KB\KB.WebApi\Global.asax.cs:行号 29

警告: 程序集绑定日志记录被关闭。
要启用程序集绑定失败日志记录，请将注册表值 [HKLM\Software\Microsoft\Fusion!EnableLog] (DWORD)设置为 1。
注意: 会有一些与程序集绑定失败日志记录关联的性能损失。
要关闭此功能，请移除注册表值 [HKLM\Software\Microsoft\Fusion!EnableLog]。

2017-05-17 15:44:28,434 [80] INFO  System.Web.HttpApplication - Application starting...
2017-05-17 15:44:29,109 [80] ERROR System.Web.HttpApplication - 未能加载文件或程序集“KB.Dto”或它的某一个依赖项。系统找不到指定的文件。
System.IO.FileNotFoundException: 未能加载文件或程序集“KB.Dto”或它的某一个依赖项。系统找不到指定的文件。
文件名:“KB.Dto”
   在 System.Reflection.RuntimeAssembly._nLoad(AssemblyName fileName, String codeBase, Evidence assemblySecurity, RuntimeAssembly locationHint, StackCrawlMark& stackMark, IntPtr pPrivHostBinder, Boolean throwOnFileNotFound, Boolean forIntrospection, Boolean suppressSecurityChecks)
   在 System.Reflection.RuntimeAssembly.nLoad(AssemblyName fileName, String codeBase, Evidence assemblySecurity, RuntimeAssembly locationHint, StackCrawlMark& stackMark, IntPtr pPrivHostBinder, Boolean throwOnFileNotFound, Boolean forIntrospection, Boolean suppressSecurityChecks)
   在 System.Reflection.RuntimeAssembly.InternalLoadAssemblyName(AssemblyName assemblyRef, Evidence assemblySecurity, RuntimeAssembly reqAssembly, StackCrawlMark& stackMark, IntPtr pPrivHostBinder, Boolean throwOnFileNotFound, Boolean forIntrospection, Boolean suppressSecurityChecks)
   在 System.Reflection.Assembly.Load(AssemblyName assemblyRef)
   在 AutoMapper.Configuration.MapperConfigurationExpression.<>c.<AddProfiles>b__22_0(String name)
   在 System.Linq.Enumerable.WhereSelectArrayIterator`2.MoveNext()
   在 System.Linq.Enumerable.WhereEnumerableIterator`1.MoveNext()
   在 System.Linq.Enumerable.<SelectManyIterator>d__16`2.MoveNext()
   在 System.Linq.Buffer`1..ctor(IEnumerable`1 source)
   在 System.Linq.Enumerable.ToArray[TSource](IEnumerable`1 source)
   在 AutoMapper.Configuration.MapperConfigurationExpression.AddProfilesCore(IEnumerable`1 assembliesToScan)
   在 AutoMapper.Configuration.MapperConfigurationExpression.AddProfiles(String[] assemblyNamesToScan)
   在 KB.WebApi.WebApiApplication.<>c.<Application_Start>b__1_0(IMapperConfigurationExpression cfg) 位置 D:\SourceCode\KB\KB.WebApi\Global.asax.cs:行号 32
   在 AutoMapper.MapperConfiguration.Build(Action`1 configure)
   在 AutoMapper.Mapper.Initialize(Action`1 config)
   在 KB.WebApi.WebApiApplication.Application_Start() 位置 D:\SourceCode\KB\KB.WebApi\Global.asax.cs:行号 31

警告: 程序集绑定日志记录被关闭。
要启用程序集绑定失败日志记录，请将注册表值 [HKLM\Software\Microsoft\Fusion!EnableLog] (DWORD)设置为 1。
注意: 会有一些与程序集绑定失败日志记录关联的性能损失。
要关闭此功能，请移除注册表值 [HKLM\Software\Microsoft\Fusion!EnableLog]。

2017-05-17 15:44:53,156 [1] INFO  System.Web.HttpApplication - Application starting...
2017-05-17 15:44:53,938 [1] INFO  System.Web.HttpApplication - Application started...
2017-05-18 18:53:01,083 [1] INFO  System.Web.HttpApplication - Application starting...
2017-05-18 18:53:01,798 [1] INFO  System.Web.HttpApplication - Application started...
2017-05-19 14:09:03,884 [1] INFO  System.Web.HttpApplication - Application starting...
2017-05-19 14:09:04,696 [1] ERROR System.Web.HttpApplication - 未能加载文件或程序集“KB.Object”或它的某一个依赖项。系统找不到指定的文件。
System.IO.FileNotFoundException: 未能加载文件或程序集“KB.Object”或它的某一个依赖项。系统找不到指定的文件。
文件名:“KB.Object”
   在 System.Reflection.RuntimeAssembly._nLoad(AssemblyName fileName, String codeBase, Evidence assemblySecurity, RuntimeAssembly locationHint, StackCrawlMark& stackMark, IntPtr pPrivHostBinder, Boolean throwOnFileNotFound, Boolean forIntrospection, Boolean suppressSecurityChecks)
   在 System.Reflection.RuntimeAssembly.nLoad(AssemblyName fileName, String codeBase, Evidence assemblySecurity, RuntimeAssembly locationHint, StackCrawlMark& stackMark, IntPtr pPrivHostBinder, Boolean throwOnFileNotFound, Boolean forIntrospection, Boolean suppressSecurityChecks)
   在 System.Reflection.RuntimeAssembly.InternalLoadAssemblyName(AssemblyName assemblyRef, Evidence assemblySecurity, RuntimeAssembly reqAssembly, StackCrawlMark& stackMark, IntPtr pPrivHostBinder, Boolean throwOnFileNotFound, Boolean forIntrospection, Boolean suppressSecurityChecks)
   在 System.Reflection.Assembly.Load(AssemblyName assemblyRef)
   在 AutoMapper.Configuration.MapperConfigurationExpression.<>c.<AddProfiles>b__22_0(String name)
   在 System.Linq.Enumerable.WhereSelectArrayIterator`2.MoveNext()
   在 System.Linq.Enumerable.WhereEnumerableIterator`1.MoveNext()
   在 System.Linq.Enumerable.<SelectManyIterator>d__16`2.MoveNext()
   在 System.Linq.Buffer`1..ctor(IEnumerable`1 source)
   在 System.Linq.Enumerable.ToArray[TSource](IEnumerable`1 source)
   在 AutoMapper.Configuration.MapperConfigurationExpression.AddProfilesCore(IEnumerable`1 assembliesToScan)
   在 AutoMapper.Configuration.MapperConfigurationExpression.AddProfiles(String[] assemblyNamesToScan)
   在 KB.WebApi.WebApiApplication.<>c.<Application_Start>b__1_0(IMapperConfigurationExpression cfg) 位置 D:\SourceCode\KB\KB.WebApi\Global.asax.cs:行号 32
   在 AutoMapper.MapperConfiguration.Build(Action`1 configure)
   在 AutoMapper.Mapper.Initialize(Action`1 config)
   在 KB.WebApi.WebApiApplication.Application_Start() 位置 D:\SourceCode\KB\KB.WebApi\Global.asax.cs:行号 31

警告: 程序集绑定日志记录被关闭。
要启用程序集绑定失败日志记录，请将注册表值 [HKLM\Software\Microsoft\Fusion!EnableLog] (DWORD)设置为 1。
注意: 会有一些与程序集绑定失败日志记录关联的性能损失。
要关闭此功能，请移除注册表值 [HKLM\Software\Microsoft\Fusion!EnableLog]。

2017-05-19 14:10:51,517 [1] INFO  System.Web.HttpApplication - Application starting...
2017-05-19 14:10:52,301 [1] INFO  System.Web.HttpApplication - Application started...
